  Type.cpp
  QualifiedTypeRef.cpp
  Qualification.cpp
  Property.cpp
c:\users\giuseppe.campana\documents\github\rreflective\sources\sources\core\identifier.h(46): error C2664: 'reflective::PtrString::PtrString(const reflective::PtrString &)' : cannot convert argument 1 from 'reflective::SymbolName' to 'const char *'
          No user-defined-conversion operator available that can perform this conversion, or the operator cannot be called
          c:\users\giuseppe.campana\documents\github\rreflective\sources\sources\class\classmember.h(46) : see reference to function template instantiation 'reflective::Identifier<reflective::StringHasher<uint32_t>,reflective::PtrString>::Identifier<reflective::SymbolName&,>(FIRST_PARAMETER)' being compiled
          with
          [
              FIRST_PARAMETER=reflective::SymbolName &
          ]
          c:\users\giuseppe.campana\documents\github\rreflective\sources\sources\class\classmember.h(46) : see reference to function template instantiation 'reflective::Identifier<reflective::StringHasher<uint32_t>,reflective::PtrString>::Identifier<reflective::SymbolName&,>(FIRST_PARAMETER)' being compiled
          with
          [
              FIRST_PARAMETER=reflective::SymbolName &
          ]
  ClassMember.cpp
c:\users\giuseppe.campana\documents\github\rreflective\sources\sources\core\identifier.h(46): error C2664: 'reflective::PtrString::PtrString(const reflective::PtrString &)' : cannot convert argument 1 from 'reflective::SymbolName' to 'const char *'
          No user-defined-conversion operator available that can perform this conversion, or the operator cannot be called
          c:\users\giuseppe.campana\documents\github\rreflective\sources\sources\class\classmember.h(46) : see reference to function template instantiation 'reflective::Identifier<reflective::StringHasher<uint32_t>,reflective::PtrString>::Identifier<reflective::SymbolName&,>(FIRST_PARAMETER)' being compiled
          with
          [
              FIRST_PARAMETER=reflective::SymbolName &
          ]
          c:\users\giuseppe.campana\documents\github\rreflective\sources\sources\class\classmember.h(46) : see reference to function template instantiation 'reflective::Identifier<reflective::StringHasher<uint32_t>,reflective::PtrString>::Identifier<reflective::SymbolName&,>(FIRST_PARAMETER)' being compiled
          with
          [
              FIRST_PARAMETER=reflective::SymbolName &
          ]
  Class.cpp
  Namespace.cpp
  Generating Code...
